<?xml version="1.0" encoding="UTF-8"?>
<testng-results ignored="0" total="2" passed="2" failed="0" skipped="0">
  <reporter-output>
    <line>
      <![CDATA[launching browser]]>
    </line>
    <line>
      <![CDATA[sending mobile number]]>
    </line>
    <line>
      <![CDATA[clicking on submit button]]>
    </line>
    <line>
      <![CDATA[enterning password]]>
    </line>
    <line>
      <![CDATA[clicked submit button]]>
    </line>
    <line>
      <![CDATA[popup handled]]>
    </line>
    <line>
      <![CDATA[actual fund ]]>
    </line>
    <line>
      <![CDATA[logging out ]]>
    </line>
    <line>
      <![CDATA[sending mobile number]]>
    </line>
    <line>
      <![CDATA[clicking on submit button]]>
    </line>
    <line>
      <![CDATA[enterning password]]>
    </line>
    <line>
      <![CDATA[clicked submit button]]>
    </line>
    <line>
      <![CDATA[popup is not present]]>
    </line>
    <line>
      <![CDATA[actual username]]>
    </line>
    <line>
      <![CDATA[logging out ]]>
    </line>
  </reporter-output>
  <suite started-at="2022-12-03T15:59:25 IST" name="Default suite" finished-at="2022-12-03T16:00:42 IST" duration-ms="77458">
    <groups>
    </groups>
    <test started-at="2022-12-03T15:59:25 IST" name="Default test" finished-at="2022-12-03T16:00:42 IST" duration-ms="77458">
      <class name="neoStoxTest.NeoStoxTestClass">
        <test-method is-config="true" signature="launchNeoStox()[pri:0, instance:neoStoxTest.NeoStoxTestClass@5af3afd9]" started-at="2022-12-03T15:59:25 IST" name="launchNeoStox" finished-at="2022-12-03T15:59:46 IST" duration-ms="21719" status="PASS">
          <reporter-output>
            <line>
              <![CDATA[launching browser]]>
            </line>
          </reporter-output>
        </test-method> <!-- launchNeoStox -->
        <test-method is-config="true" signature="loginToNeoStox()[pri:0, instance:neoStoxTest.NeoStoxTestClass@5af3afd9]" started-at="2022-12-03T15:59:47 IST" name="loginToNeoStox" finished-at="2022-12-03T16:00:08 IST" duration-ms="21535" status="PASS">
          <reporter-output>
            <line>
              <![CDATA[sending mobile number]]>
            </line>
            <line>
              <![CDATA[clicking on submit button]]>
            </line>
            <line>
              <![CDATA[enterning password]]>
            </line>
            <line>
              <![CDATA[clicked submit button]]>
            </line>
            <line>
              <![CDATA[popup handled]]>
            </line>
          </reporter-output>
        </test-method> <!-- loginToNeoStox -->
        <test-method signature="validatingFund()[pri:0, instance:neoStoxTest.NeoStoxTestClass@5af3afd9]" started-at="2022-12-03T16:00:08 IST" name="validatingFund" finished-at="2022-12-03T16:00:08 IST" duration-ms="370" status="PASS">
          <reporter-output>
            <line>
              <![CDATA[actual fund ]]>
            </line>
          </reporter-output>
        </test-method> <!-- validatingFund -->
        <test-method is-config="true" signature="logoutAppNeoStox()[pri:0, instance:neoStoxTest.NeoStoxTestClass@5af3afd9]" started-at="2022-12-03T16:00:08 IST" name="logoutAppNeoStox" finished-at="2022-12-03T16:00:10 IST" duration-ms="1281" status="PASS">
          <reporter-output>
            <line>
              <![CDATA[logging out ]]>
            </line>
          </reporter-output>
        </test-method> <!-- logoutAppNeoStox -->
        <test-method is-config="true" signature="loginToNeoStox()[pri:0, instance:neoStoxTest.NeoStoxTestClass@5af3afd9]" started-at="2022-12-03T16:00:10 IST" name="loginToNeoStox" finished-at="2022-12-03T16:00:29 IST" duration-ms="19285" status="PASS">
          <reporter-output>
            <line>
              <![CDATA[sending mobile number]]>
            </line>
            <line>
              <![CDATA[clicking on submit button]]>
            </line>
            <line>
              <![CDATA[enterning password]]>
            </line>
            <line>
              <![CDATA[clicked submit button]]>
            </line>
            <line>
              <![CDATA[popup is not present]]>
            </line>
          </reporter-output>
        </test-method> <!-- loginToNeoStox -->
        <test-method signature="validatingUsername()[pri:0, instance:neoStoxTest.NeoStoxTestClass@5af3afd9]" started-at="2022-12-03T16:00:29 IST" name="validatingUsername" finished-at="2022-12-03T16:00:30 IST" duration-ms="595" status="PASS">
          <reporter-output>
            <line>
              <![CDATA[actual username]]>
            </line>
          </reporter-output>
        </test-method> <!-- validatingUsername -->
        <test-method is-config="true" signature="logoutAppNeoStox()[pri:0, instance:neoStoxTest.NeoStoxTestClass@5af3afd9]" started-at="2022-12-03T16:00:30 IST" name="logoutAppNeoStox" finished-at="2022-12-03T16:00:33 IST" duration-ms="3801" status="PASS">
          <reporter-output>
            <line>
              <![CDATA[logging out ]]>
            </line>
          </reporter-output>
        </test-method> <!-- logoutAppNeoStox -->
        <test-method is-config="true" signature="closeTheBrowser()[pri:0, instance:neoStoxTest.NeoStoxTestClass@5af3afd9]" started-at="2022-12-03T16:00:33 IST" name="closeTheBrowser" finished-at="2022-12-03T16:00:42 IST" duration-ms="8748" status="PASS">
          <reporter-output>
          </reporter-output>
        </test-method> <!-- closeTheBrowser -->
      </class> <!-- neoStoxTest.NeoStoxTestClass -->
    </test> <!-- Default test -->
  </suite> <!-- Default suite -->
</testng-results>
